<?xml version="1.0" encoding="UTF-8"?>
<testng-results skipped="0" failed="0" ignored="0" total="1" passed="1">
  <reporter-output>
  </reporter-output>
  <suite name="Default suite" duration-ms="49460" started-at="2020-01-10T21:52:22Z" finished-at="2020-01-10T21:53:11Z">
    <groups>
    </groups>
    <test name="Default test" duration-ms="49460" started-at="2020-01-10T21:52:22Z" finished-at="2020-01-10T21:53:11Z">
      <class name="com.sailotech.tripadvisor.ClubMahindraReviewWritings">
        <test-method status="PASS" signature="setup()[pri:0, instance:com.sailotech.tripadvisor.ClubMahindraReviewWritings@4c70fda8]" name="setup" is-config="true" duration-ms="24083" started-at="2020-01-10T21:52:22Z" finished-at="2020-01-10T21:52:46Z">
          <reporter-output>
          </reporter-output>
        </test-method> <!-- setup -->
        <test-method status="PASS" signature="test()[pri:0, instance:com.sailotech.tripadvisor.ClubMahindraReviewWritings@4c70fda8]" name="test" duration-ms="25361" started-at="2020-01-10T21:52:46Z" finished-at="2020-01-10T21:53:11Z">
          <reporter-output>
          </reporter-output>
        </test-method> <!-- test -->
      </class> <!-- com.sailotech.tripadvisor.ClubMahindraReviewWritings -->
    </test> <!-- Default test -->
  </suite> <!-- Default suite -->
</testng-results>
